loading

Initializing springconstants with file
File data/Al.scf.in [3, 3, 3]
STARTING UP MODEL


Initializing
Loading structure from qe input and performing setup...
Symmetry info
Nsymm 48
International 225
Equiv 1
[0]
----------
Turning on vacancies
Cluster sites:
[0]

types_dict:
{'X': 1, 'Al': 0}

Loaded types, set doping energy to 6.66767764407

Set cutoff [0, 2] 100

Set cutoff [0, 3] 5.37003574579784

Set cutoff [1, 0] 0.1

Set cutoff [1, 1] 100

Set cutoff [1, 2] 7.5943732399999995

Set cutoff [1, 3] 5.37003574579784


PRINTING CURRENT OPTIONS
------------------------
supercell [3, 3, 3]

dims [[0, 2], [0, 3], [1, 0], [1, 1], [1, 2], [1, 3]]
cutoffs
[0, 2]	100
[0, 3]	5.37003574579784
[1, 0]	0.1
[1, 1]	100
[1, 2]	7.5943732399999995
[1, 3]	5.37003574579784
hs file data/Al.scf.in
Have not done fitting yet.

Using ASR

Using recursive feature elimination

Regularization parameter (RIDGE-L2) 1e-08

Using any available terms in fitting

Not using Born effective charges
Using energy in fitting
 weight is 0.1
Using stress in fitting
------------------------




Starting Loading
---------
Loading data/Al.scf.in.out
adding cell  [3, 3, 3]          [1, 1, 1]

Loading data/Al.scf.in.super.333.01.out
adding cell  [3, 3, 3]          [3, 3, 3]

Loading data/Al.scf.in.super.333.02.out
adding cell  [3, 3, 3]          [3, 3, 3]

Loading data/Al.scf.in.super.333.03.out
adding cell  [3, 3, 3]          [3, 3, 3]

Loading data/Al.scf.in.super.333.04.out
adding cell  [3, 3, 3]          [3, 3, 3]

Loading data/Al.scf.in.super.333.vac.01.out
Vacancies detected !!!!!!
adding cell  [3, 3, 3]          [3, 3, 3]

Loading data/Al.scf.in.super.333.vac.02.out
Vacancies detected !!!!!!
adding cell  [3, 3, 3]          [3, 3, 3]

Loading data/Al.scf.in.super.333.vac.03.out
Vacancies detected !!!!!!
adding cell  [3, 3, 3]          [3, 3, 3]

Loading data/Al.scf.in.super.333.vac.04.out
Vacancies detected !!!!!!
adding cell  [3, 3, 3]          [3, 3, 3]

Loading data/Al.scf.in.super.333.vac.out
Vacancies detected !!!!!!
adding cell  [3, 3, 3]          [3, 3, 3]

Loading data/Al.scf.in.super.333.vac.relaxed_scf.out
Vacancies detected !!!!!!
adding cell  [3, 3, 3]          [3, 3, 3]

Loading data/Al.scf.in.super.333.vac.relax.out
number of seperate calcs in this file 7 and we use 7
Vacancies detected !!!!!!
adding cell  [3, 3, 3]          [3, 3, 3]

Vacancies detected !!!!!!
adding cell  [3, 3, 3]          [3, 3, 3]

Vacancies detected !!!!!!
adding cell  [3, 3, 3]          [3, 3, 3]

Vacancies detected !!!!!!
adding cell  [3, 3, 3]          [3, 3, 3]

Vacancies detected !!!!!!
adding cell  [3, 3, 3]          [3, 3, 3]

Vacancies detected !!!!!!
adding cell  [3, 3, 3]          [3, 3, 3]

Vacancies detected !!!!!!
adding cell  [3, 3, 3]          [3, 3, 3]

---
ncalc loaded:18
---------

------------------------
STARTING FITTING PROCESS

ss_max [3, 3, 3] 27



Independent groups of atoms (atom numbers, distance, nbody): [0, 2]
[0, 0]	0.0	1
[0, 1]	5.37002574579784	2
[0, 4]	9.301157429674813	2
[0, 14]	7.59436324	2


Number of independent force constants for each group:
nind for [0, 2]: [1, 3, 2, 2]
ntotal_ind for [0, 2]: 8

done setup_lsq for [0, 2]



Independent groups of atoms (atom numbers, distance, nbody): [0, 3]
[0, 0, 0]	0.0	1
[0, 0, 1]	5.37002574579784	2
[0, 1, 3]	5.37002574579784	3


Number of independent force constants for each group:
nind for [0, 3]: [0, 5, 7]
ntotal_ind for [0, 3]: 12

done setup_lsq for [0, 3]



Independent groups of atoms (atom numbers, distance, nbody): [1, 0]
[0]	0.0	1


Number of independent force constants for each group:
nind for [1, 0]: [1]
ntotal_ind for [1, 0]: 1

done setup_lsq for [1, 0]




Independent groups of atoms (atom numbers, distance, nbody): [1, 1]
[0, 0]	0.0	1
[0, 1]	5.37002574579784	2
[0, 4]	9.301157429674813	2
[0, 14]	7.59436324	2


Number of independent force constants for each group:
nind for [1, 1]: [0, 1, 1, 1]
ntotal_ind for [1, 1]: 3


done setup_lsq for [1, 1]




Independent groups of atoms (atom numbers, distance, nbody): [1, 2]
[0, 0, 0]	0.0	1
[0, 0, 1]	5.37002574579784	2
[0, 0, 4]	9.301157429674813	2
[0, 0, 14]	7.59436324	2
[0, 1, 1]	5.37002574579784	2
[0, 1, 3]	5.37002574579784	3
[0, 1, 15]	7.59436324	3
[0, 1, 16]	7.59436324	3
[0, 4, 4]	9.301157429674813	2
[0, 14, 14]	7.59436324	2


Number of independent force constants for each group:
nind for [1, 2]: [1, 3, 2, 2, 3, 6, 4, 5, 2, 2]
ntotal_ind for [1, 2]: 30


done setup_lsq for [1, 2]




Independent groups of atoms (atom numbers, distance, nbody): [1, 3]
[0, 0, 0, 0]	0.0	1
[0, 0, 0, 1]	5.37002574579784	2
[0, 0, 1, 1]	5.37002574579784	2
[0, 0, 1, 3]	5.37002574579784	3
[0, 1, 1, 1]	5.37002574579784	2
[0, 1, 1, 3]	5.37002574579784	3
[0, 1, 3, 9]	5.37002574579784	4


Number of independent force constants for each group:
nind for [1, 3]: [0, 5, 5, 15, 3, 18, 7]
ntotal_ind for [1, 3]: 53


done setup_lsq for [1, 3]


Doing actual lsq fitting now


START DO_LSQ
------------
vacancy_constraints
[440, 441, 442, 528, 529, 530, 616, 617, 618, 704, 705, 706, 792, 793, 794, 880, 881, 882, 968, 969, 970, 1056, 1057, 1058, 1144, 1145, 1146, 1232, 1233, 1234, 1320, 1321, 1322, 1408, 1409, 1410, 1496, 1497, 1498]

UMAT out of total size 1584, we keep 1444, rest are duplicate entries
number independent ASR constraints: 50
Using recursive feature elimination

we select rfe median

Using recursive feature extraction, we keep  80  features out of  107  which means  27  are zeros.

sum_error rms : 0.001019635829500268



phi_ind_dim  [0, 2] 2

[ 0.09949546  0.00229649 -0.01425477 -0.01349867  0.00010517  0.00029163
 -0.0029465  -0.00044955]




Non-zero phi elements 297 out of a possible 243 assuming no cutoff radii, etc


phi_ind_dim  [0, 3] 3

[ 0.00311952  0.00170612 -0.02550438 -0.02409098 -0.01734676  0.
  0.         -0.00079038 -0.00125644 -0.0007067   0.          0.        ]




Non-zero phi elements 984 out of a possible 19683 assuming no cutoff radii, etc


phi_ind_dim  [1, 0] 1000

[0.06078974]



Non-zero phi elements 1 out of a possible 1 assuming no cutoff radii, etc


phi_ind_dim  [1, 1] 1001

[ 0.00545687 -0.0002035   0.00113116]




Non-zero phi elements 102 out of a possible 81 assuming no cutoff radii, etc


phi_ind_dim  [1, 2] 1002

[-0.09949546 -0.00227868  0.01425489  0.01350036 -0.00011217 -0.00029728
  0.00299735  0.00043683  0.00083286 -0.0148747  -0.01195919 -0.00068133
  0.00045759  0.00042482 -0.00101756  0.00101925 -0.00127055 -0.00031286
 -0.00015471  0.00019055  0.00066052  0.00018614  0.00014416 -0.00051721
  0.00113364 -0.00049967  0.00011217  0.00029728 -0.00357397  0.00019023]




Non-zero phi elements 1677 out of a possible 6561 assuming no cutoff radii, etc


phi_ind_dim  [1, 3] 1003

[-2.99993788e-03 -1.80167603e-03  2.53950029e-02  2.39062072e-02
  1.74119519e-02  0.00000000e+00  1.80167384e-03 -2.53949889e-02
 -2.68949623e-02 -1.74119430e-02  0.00000000e+00  0.00000000e+00
  0.00000000e+00  7.49984340e-04  0.00000000e+00  7.49984324e-04
  1.13884840e-03  9.00837877e-04  0.00000000e+00  0.00000000e+00
  2.28695627e-03  0.00000000e+00  5.93543612e-04  0.00000000e+00
  0.00000000e+00  0.00000000e+00  2.53949709e-02  1.74118901e-02
  0.00000000e+00  7.52576209e-03 -8.42659702e-03  0.00000000e+00
 -3.82325180e-03  0.00000000e+00  0.00000000e+00  0.00000000e+00
  0.00000000e+00  0.00000000e+00 -1.21592889e-15  3.70251802e-03
 -1.14347814e-03  3.70251763e-03 -2.95253916e-03 -1.46426221e-03
  0.00000000e+00  0.00000000e+00  0.00000000e+00  4.62978281e-06
  0.00000000e+00  3.82325186e-03 -3.70251700e-03 -7.49984328e-04
  0.00000000e+00]




Non-zero phi elements 5376 out of a possible 531441 assuming no cutoff radii, etc


DONE FITTING
------------------------

IN SAMPLE TESTING


---------------------------------
STARTING ENERGY CALCULATIONS FROM: files_train

---------------------------------
0 Calculating energy for ['data/Al.scf.in.out']

Energy 1.14155009982e-19	-0.00038976999999817963	0.00038976999999817974	 	data/Al.scf.in.out 0
F abs 1.9696201180747677e-28 0.0	 	data/Al.scf.in.out 0
F max abs 8.077935671343952e-28 0.0	 	data/Al.scf.in.out 0
S abs 5.399702017015152e-06 5.3997e-06	 	data/Al.scf.in.out 0

Forces
-1.88079096132e-37   9.40395480658e-38   1.88079096132e-37
-9.40395480658e-38   8.07793567134e-28   1.88079096132e-37
-2.01948391831e-28   9.40395480658e-38   1.88079096132e-37
9.40395480658e-38   9.40395480658e-38   1.88079096132e-37
-2.82118644197e-37   9.40395480658e-38   1.88079096132e-37
-1.88079096132e-37   9.40395480658e-38   1.88079096132e-37
-2.01948392019e-28   9.40395480658e-38   1.88079096132e-37
-2.82118644197e-37   9.40395480658e-38   1.88079096132e-37
-2.82118644197e-37   1.88079096132e-37   2.01948391925e-28
0.0   8.07793567134e-28   -8.07793566758e-28
9.40395480658e-38   8.07793566946e-28   1.88079096132e-37
0.0   8.0779356704e-28   3.76158192263e-37
-2.01948391925e-28   8.0779356704e-28   -8.07793566758e-28
-2.82118644197e-37   -2.01948391643e-28   3.9966807928e-37
8.07793566664e-28   8.07793567134e-28   1.88079096132e-37
8.07793566664e-28   9.40395480658e-38   1.88079096132e-37
8.07793566664e-28   1.88079096132e-37   1.88079096132e-37
8.07793566946e-28   0.0   1.88079096132e-37
-2.82118644197e-37   0.0   6.05845175398e-28
-2.82118644197e-37   9.40395480658e-38   0.0
-2.82118644197e-37   -6.05845175116e-28   -2.01948391525e-28
-9.40395480658e-38   1.88079096132e-37   8.07793567134e-28
-1.88079096132e-37   1.88079096132e-37   8.07793567134e-28
-9.40395480658e-38   -8.07793566852e-28   1.88079096132e-37
-6.05845175304e-28   1.88079096132e-37   8.07793566946e-28
-9.40395480658e-38   9.40395480658e-38   0.0
-9.40395480658e-38   9.40395480658e-38   1.88079096132e-37

Stress
[[-6.72338384e-13  2.07769399e-29  3.93349833e-29]
 [ 2.07769399e-29 -6.72338384e-13  5.04870995e-29]
 [ 3.93349833e-29  5.04870995e-29 -6.72338384e-13]]


---------------------------------
1 Calculating energy for ['data/Al.scf.in.super.333.01.out']

Energy 0.00299627973807	0.0029808700000160115	1.540973805286847e-05	 	data/Al.scf.in.super.333.01.out 0
F abs 1.614503384084574e-05 0.002546797088506173	 	data/Al.scf.in.super.333.01.out 0
F max abs 6.0743286587405104e-05 0.0069853525	 	data/Al.scf.in.super.333.01.out 0
S abs 3.0202749427227665e-06 1.51714e-05	 	data/Al.scf.in.super.333.01.out 0

Forces
-0.00053585302727   0.000697808371251   0.00336217228906
0.000660899785637   -0.00286181891091   0.00151396470088
0.00174243099366   -0.00581008496649   0.000894681286359
-0.00212957679881   0.000962492065526   0.00587699781957
-0.00316331668659   0.000267513494071   -0.00229057169237
-0.00305554875857   -0.00203689730479   0.00200890698278
-0.00508355037277   -0.00208569284448   0.00115903079303
0.000559743151078   0.000941512460827   0.00116345190553
-0.00139100212284   -0.00307498436251   -0.00031502993572
0.00335080859927   -0.00157641081325   -0.00366495830412
-0.00490321460326   0.00379318918843   0.00451019771552
0.00159709237627   0.00133391843083   -0.0030229977835
0.00137353092537   -0.00492653867404   -0.00371711755417
-0.00541294093248   0.00290697142219   0.000837328032285
0.00420016136409   0.000534738321168   0.000147917007797
0.00456275548367   -0.00531036483494   -0.00275785873173
4.32794168262e-05   0.00664804434764   0.00466796914388
0.00086950033148   -0.00116189582012   -0.00697291877976
-0.00146672794698   -0.000726108491337   -0.00329104359817
0.000134694147172   0.00310399041185   -0.00213556904851
-0.00357305201848   0.00331141747867   -0.000888707474211
0.00478078303948   0.0030116763233   -0.00480223201947
0.00584648007814   0.00126305969368   -0.00110721138321
0.00224415139933   0.00324643847874   0.00350418050726
-0.00019530748101   0.00210804009191   0.000404184676138
-0.0032223466158   -0.00304355649699   0.00237135316662
0.00216612624677   -0.00151645721503   0.00254388027003

Stress
[[ 4.00253636e-06 -3.04033129e-08 -4.59149264e-07]
 [-3.04033129e-08  4.07968520e-06  6.30995688e-07]
 [-4.59149264e-07  6.30995688e-07  3.78438677e-06]]


---------------------------------
2 Calculating energy for ['data/Al.scf.in.super.333.02.out']

Energy 0.00370033257105	0.0036848400000053516	1.5492571047044917e-05	 	data/Al.scf.in.super.333.02.out 0
F abs 1.6709184993871877e-05 0.0030041042779012346	 	data/Al.scf.in.super.333.02.out 0
F max abs 5.7862642729495165e-05 0.007167825	 	data/Al.scf.in.super.333.02.out 0
S abs 1.960667150634222e-06 1.80296e-05	 	data/Al.scf.in.super.333.02.out 0

Forces
-0.00381710256735   -0.00070306699123   -0.00298057652599
-0.0020868399597   0.00367157204366   -0.000521615672004
0.0047656249795   0.00446453510561   0.00156786548193
-0.00325666804251   0.000779277886477   0.00126178967102
-0.00602742277842   0.00045813369102   -0.000184925726758
0.0010035508242   -0.00458588735308   0.00220747347932
0.00501433358303   -0.00422488129941   0.000366505011982
0.00363142126455   0.00410432553145   0.00573672431981
-0.00329162217048   -0.00597577402396   0.000237610581027
0.00449467495727   -0.00310132088054   -0.00324029514858
-0.00326855940862   0.00349452729668   0.000981963253827
-0.0031272117249   -0.00542538131335   0.00197637190213
-0.00129336065583   0.000736258032297   0.00136117817469
-0.00381194062999   0.00339481718349   0.00235315464082
-0.0019747439114   0.00317268987007   -0.00370556642129
-0.00111168425745   -0.00116885988439   0.00357728350432
0.0016055990834   0.00398673752184   -0.00168920039822
0.00333432606519   -0.00494329557472   0.00323716742674
-0.00241382893018   0.00703375749879   -0.00334727282354
-0.0023558557882   -0.00131024046297   -0.00469905364837
0.00325962323091   -0.00215012967585   0.00128397992182
0.00604549113925   -0.00170555234434   -0.00160697253985
0.00422073151475   0.000180091287674   0.00460545667357
0.00241153614127   -0.00165262420493   -0.00380872225507
-0.00365428168833   0.00196358473024   0.00400294663597
-0.00233462130486   -0.00620080234717   -0.00182316487384
0.00403883132389   0.00570750887769   -0.00715010502861

Stress
[[ 5.44715271e-06 -4.96882619e-07 -3.76187203e-07]
 [-4.96882619e-07  5.07701913e-06 -3.92255906e-07]
 [-3.76187203e-07 -3.92255906e-07  4.00301247e-06]]


---------------------------------
3 Calculating energy for ['data/Al.scf.in.super.333.03.out']

Energy 0.00320196819571	0.0031884200000149576	1.3548195694503516e-05	 	data/Al.scf.in.super.333.03.out 0
F abs 1.4231061056554904e-05 0.0027045533006419755	 	data/Al.scf.in.super.333.03.out 0
F max abs 4.304338975590679e-05 0.0069082159	 	data/Al.scf.in.super.333.03.out 0
S abs 2.368376299499389e-06 1.6909599999999998e-05	 	data/Al.scf.in.super.333.03.out 0

Forces
0.000579012569125   -0.000272732733363   0.00392618266462
-0.00293666807793   -0.00691336542669   -0.00132440687442
0.00327908252877   0.00367797641645   0.00476697828341
-0.00278839078697   -6.48660911435e-05   -0.00143246588624
0.00313483774872   -0.00164116101065   -0.00378080475702
-0.00109404538656   -0.00041041772972   -0.000526271547496
-0.00245239108672   0.00380286031614   -0.00143147807539
0.00394984612533   0.00338096669461   0.000240647826862
0.00150017185555   0.000538670608206   -0.0040124077928
0.00378093599165   -0.00361951463249   0.000498496725146
0.00517622891498   0.00486471490705   0.00174904138557
0.00453290046864   0.00135825509939   -0.00338811679853
0.00190161197734   0.000856189058168   0.00244003943943
-0.00668533410315   0.00356080222904   -0.00190621867379
-0.00476149614952   -0.00159259278396   -0.00285491466557
0.0029639480671   -0.00108361090736   -0.00436894736956
-0.00195704886413   0.00333149337004   -0.000569842876905
0.00198025116956   -0.00288743813065   0.00163951450134
0.00148603852743   -0.00548077755647   0.000756737981693
-9.81571490964e-05   -0.00192043573827   0.00537636848776
-0.00271152983428   -0.00131773577445   0.00391878065623
0.00298715812905   -0.00432126685408   0.00084812379788
0.00288734244717   0.00214380111428   -0.00435040640815
-0.00410605374578   0.0044264356622   0.00177881471981
-0.00222968576506   0.00204658749044   -0.00250785508976
-0.00459592079581   -0.00549771689086   0.00231796982683
-0.00372264486443   0.00303487900802   0.00219644041114

Stress
[[ 4.49516048e-06 -1.89049131e-07  4.71218860e-07]
 [-1.89049131e-07  4.02836199e-06 -8.01917052e-07]
 [ 4.71218860e-07 -8.01917052e-07  4.25479588e-06]]


---------------------------------
4 Calculating energy for ['data/Al.scf.in.super.333.04.out']

Energy 0.0034554682345	0.003441610000010087	1.3858234487663067e-05	 	data/Al.scf.in.super.333.04.out 0
F abs 1.5654939899177215e-05 0.002803848020246914	 	data/Al.scf.in.super.333.04.out 0
F max abs 6.0718817650379665e-05 0.0094354466	 	data/Al.scf.in.super.333.04.out 0
S abs 2.5617608717177416e-06 1.77834e-05	 	data/Al.scf.in.super.333.04.out 0

Forces
0.00169600068883   0.0074678524411   0.00124893197582
0.00311437705068   -0.000916323962573   -0.00599563062426
0.00117638416907   0.00189308678094   -0.0040698948142
-0.000439176156134   0.00204548332442   -0.00535579717361
0.00244904421259   0.000384563925636   -0.000854167042125
-0.00570422515369   0.00266436710024   0.00367428695522
0.00314408823103   -0.00242105027997   0.00172759066716
0.00277324814573   -0.00566977046997   -8.00862372609e-05
-0.00451880989964   0.000686145129619   0.00256696558189
0.0015775057812   0.000219500066252   0.00616897869065
-0.00024613448224   -0.00317473142466   0.00108963274767
-0.00151520644529   -0.000513749116856   -0.00359066574967
-0.00588641596504   -0.0028595940347   0.00282418529667
0.00140518325737   -0.000305549751506   -0.00514702154005
0.00183929052445   0.00248266533772   0.00255811611912
-0.0030845535542   -0.00369617808941   -0.00108461893914
0.00138259805559   0.000150737749648   0.00248686765631
0.000539015335266   -0.00186435160583   0.00238641951854
-0.00943078140163   -0.00136779675713   -0.00763151740024
-0.00439462489763   0.00229127506818   0.00170746763385
-0.0047275331531   0.00452452835329   -0.00176048065119
0.00581486643295   -0.00238622626311   0.00438895488616
0.00204175761765   -0.000734987529537   0.00362313470285
0.00386562219495   -0.00517841868979   -0.000499070794498
0.00588800577633   -0.000819080227936   0.00317434841171
-0.00179077643161   0.00364433523034   -0.00375886999335
0.00303124942484   0.0034532678748   0.000201940371204

Stress
[[ 4.86671967e-06 -6.19690627e-07  9.53749763e-07]
 [-6.19690627e-07  4.32451233e-06 -2.29576754e-07]
 [ 9.53749763e-07 -2.29576754e-07  4.44724142e-06]]


---------------------------------
5 Calculating energy for ['data/Al.scf.in.super.333.vac.01.out']

Energy 0.0632583862299	0.06325110592592953	7.280304020126915e-06	 	data/Al.scf.in.super.333.vac.01.out 0
F abs 4.0301657082897024e-05 0.0031938803864814814	 	data/Al.scf.in.super.333.vac.01.out 0
F max abs 0.0001265829289982777 0.010986368	 	data/Al.scf.in.super.333.vac.01.out 0
S abs 5.477482564156095e-05 0.000134626	 	data/Al.scf.in.super.333.vac.01.out 0

Forces
0.002821137671   -0.00548545254475   -0.00500204599852
0.00223249589454   0.00175395233516   0.00568527010805
-0.00235970123772   0.00209362928342   -0.00483115956521
-0.00643513534813   -9.02822041018e-05   -0.000672184817281
-0.0074794429718   0.00870776011027   -0.00233641542457
0.00540585837181   -0.000817259878655   -0.000179551327499
0.0110028901789   -0.00395932253582   0.00176761042016
0.00122393838225   0.00616863714753   -0.00372765237167
-0.00703908524353   -0.00431377586245   -0.00375027581432
-0.00337285414198   3.50970396378e-05   3.89428650315e-05
-0.00737910573044   0.00218436189281   0.00575356724356
-0.000473112679088   -0.00210022710866   0.00206273582363
0.00414114712477   -0.00327183914845   9.71427951243e-05
-0.00385441608207   -0.00253505671305   0.00420710273077
-0.00133029401941   -0.0036047615783   0.00944481987904
0.000130808623999   -0.00150736764721   -0.000136313864096
-0.0011647340995   -0.00220338399199   0.00387953424287
0.0039187963801   0.00340731171767   0.00376458458006
0.00739797050336   -3.74693185815e-05   -0.00450943732136
-0.00295334587249   0.000279417334199   -0.000683064898496
-0.00372569899837   0.00416356534241   -0.00949135801549
0.00138666717682   0.00189237239326   -0.000256107627687
0.00541941409777   0.00709962179714   -0.00525901223171
0.00329327312146   -0.000662513812287   0.00194348636702
-1.49730391123e-06   -0.00456544841968   -0.00239796752985
-0.000808212851029   -0.00262747393298   0.00458671080755
2.23947957545e-06   -4.09170414663e-06   1.03860920997e-06

Stress
[[-5.87197537e-05 -2.58158829e-06 -1.70405110e-06]
 [-2.58158829e-06 -5.81540443e-05 -2.36534890e-06]
 [-1.70405110e-06 -2.36534890e-06 -5.92250510e-05]]


---------------------------------
6 Calculating energy for ['data/Al.scf.in.super.333.vac.02.out']

Energy 0.0645729702224	0.06456359592593319	9.374296489617073e-06	 	data/Al.scf.in.super.333.vac.02.out 0
F abs 4.01770649233359e-05 0.0038796068257654324	 	data/Al.scf.in.super.333.vac.02.out 0
F max abs 0.00013528575665358675 0.011992843	 	data/Al.scf.in.super.333.vac.02.out 0
S abs 5.2424915947065676e-05 0.0001270353	 	data/Al.scf.in.super.333.vac.02.out 0

Forces
-4.76104925928e-05   -0.0035736950009   -0.00577099421895
-0.00416084275307   0.00304799768184   0.00857753752258
-0.00849919620888   -0.0053196576254   -0.00600227838766
-0.00513258597553   -0.00444869560076   -0.000685776044599
-0.00688016326378   0.0106227339306   0.00366468948193
0.00718728919689   -0.00192480948554   0.00706697497984
0.00970522217593   -0.00437615511573   -0.001510370713
0.00394444563335   0.00629519109554   -0.0017279308173
-0.00745769619234   -0.00173037952422   -0.00481370038091
-0.00134556307322   0.000709564575331   -0.00436652027339
0.000368940294247   0.00264215812138   0.00755896404443
0.00872459559794   0.00380831872942   -0.00165333487186
0.000925680895991   0.00353752427926   -0.00194419984991
-0.00297924946923   -0.00244362132112   0.00273514498476
-0.00259285518227   -0.00841857748685   0.00238832343304
0.00302893824937   -0.00385161922214   0.00539672825446
-0.00534647138999   0.00340017198161   -0.00283480965805
0.00726415219799   0.000992863399386   -0.000719940484262
0.00759361639088   -0.000360339036611   0.000269921772134
0.00284462272745   -0.00365934093429   0.00124848317039
-0.00341899164335   0.00265180892283   -0.0120267222055
0.00276403891173   0.00206842033313   -0.00155129174931
-0.00474429099971   0.00261266578312   0.00328533523034
0.00404256985808   0.00420452939249   0.00582581277173
-0.00286802202706   -0.00244864123429   -0.0064358762282
-0.00291974706115   -0.00403650070576   0.00402581417817
-8.26318928703e-07   -1.91598723085e-06   1.5476654243e-08

Stress
[[-5.64981952e-05 -5.69956771e-07  3.05702391e-06]
 [-5.69956771e-07 -5.78269108e-05 -3.05934254e-07]
 [ 3.05702391e-06 -3.05934254e-07 -5.61514171e-05]]


---------------------------------
7 Calculating energy for ['data/Al.scf.in.super.333.vac.03.out']

Energy 0.0639682159957	0.06396328592592315	4.9300697594761855e-06	 	data/Al.scf.in.super.333.vac.03.out 0
F abs 4.592672821488006e-05 0.0035892273498765435	 	data/Al.scf.in.super.333.vac.03.out 0
F max abs 0.00016786021172901944 0.012043166	 	data/Al.scf.in.super.333.vac.03.out 0
S abs 5.439469308692106e-05 0.0001306255	 	data/Al.scf.in.super.333.vac.03.out 0

Forces
0.00267707235641   -0.00978357437639   -0.00111472067697
0.00194410126425   0.00969956829824   0.00516184831966
-0.00672799509465   -0.00210555495161   -0.00336923080774
0.00307866105003   -0.000777623939046   -0.000636343065452
-0.00257554606136   0.00460068741559   0.000631112002083
0.00477100870354   0.00328575558818   0.0106458406751
0.00199755190115   -0.00463190978236   -0.00566539792979
-0.00576354679173   -0.0018245149227   -0.00448549716043
-0.00770041756529   -0.00837169056185   0.00374763022146
-0.00394787458873   0.00119483200841   0.00105861386004
-0.00796014368713   -0.00296814613676   0.00199380647431
0.00718689384151   0.00334798033713   0.00283510217449
0.00480591119641   -0.00495607564595   0.00239523238929
0.00345471117678   0.0025808135412   -0.00544816792398
-0.00611597138827   -0.00292364586738   0.00413372452487
-0.00110556585814   -0.000425451886636   -0.00541840098827
0.00381748627788   0.00480690276145   0.00397434208222
0.0119182211825   0.00696955058087   9.20897046921e-05
0.00605823335968   0.00474179428054   -0.00466445525744
0.0012859012952   -0.00526532831284   0.00188519909269
-0.00349294293434   0.00191787741824   -0.00249319506456
-0.00334376974368   -0.00176249674009   1.01764186307e-05
-0.00423956557619   -0.00149381873893   0.00275515483028
-0.00234774624692   0.00256333570582   -0.00518377818889
-0.00108156877843   0.001867947824   -0.00266826569316
0.0034058243646   -0.000285329725148   -0.000172923149267
1.07620337697e-06   -1.88429887115e-06   5.03247127673e-07

Stress
[[-5.75822794e-05  3.92183900e-06  8.76981713e-07]
 [ 3.92183900e-06 -5.67293329e-05  1.34264175e-06]
 [ 8.76981713e-07  1.34264175e-06 -5.84256559e-05]]


---------------------------------
8 Calculating energy for ['data/Al.scf.in.super.333.vac.04.out']

Energy 0.063863440515	0.06385720592592836	6.234589055187367e-06	 	data/Al.scf.in.super.333.vac.04.out 0
F abs 3.567431867861517e-05 0.0034703900124864193	 	data/Al.scf.in.super.333.vac.04.out 0
F max abs 0.00011794129085373854 0.010897717	 	data/Al.scf.in.super.333.vac.04.out 0
S abs 5.277752844054826e-05 0.00013140740000000003	 	data/Al.scf.in.super.333.vac.04.out 0

Forces
0.00351308447949   -0.00485583880634   -0.00863413711164
0.00415933096923   0.0109293778988   0.00968157930341
-0.00162294630237   0.000317865794779   -0.005875483385
0.00263174422464   -0.00504351598167   0.00210086874906
-0.00313686027959   0.00918376432554   0.000874459160976
0.00271181256001   0.00130694851541   0.0085264478876
0.00401357720449   -0.00317256393616   -0.00480449004604
-0.0065626207189   -0.00211971637896   -0.00590788668887
-0.0048751044049   -0.00645689164901   0.00227694703373
-0.00486647483832   -2.07310608712e-06   -6.76053071525e-05
-0.00866928950915   -0.0050840142445   0.00436897899062
0.000527043252923   -0.00456903120909   -0.00112926369753
0.00188843536764   -0.00259401656554   0.00784677208597
-0.00519173085391   -0.000818799439405   0.000994716397515
-0.00347651749935   -0.00340676995917   0.0029579659773
-0.00101232021197   -0.00298017095355   -0.00124450159458
0.00196972443665   -0.00235354139952   0.00596569116635
0.00466417985002   0.0075324205057   -0.00555787309224
0.0017875353013   0.00230025309962   -0.00959438233692
-0.0021824336048   0.00341743483312   0.00282245178357
0.00371862779098   0.00429097292583   -0.000684310016769
0.00565061456361   -0.00322356838959   0.00017527323468
0.0016145326874   -0.000267543357484   -0.0042405283351
0.000211033713408   0.00217739337323   -0.00431086674026
0.00181677425132   0.00141350686396   0.000521853497022
0.000720988136153   0.0040792549718   0.00293614381504
-2.74037704697e-06   -1.1380084573e-06   1.17910878765e-06

Stress
[[-5.88389253e-05  4.06126892e-07  1.30625763e-06]
 [ 4.06126892e-07 -5.68688935e-05  3.43190819e-06]
 [ 1.30625763e-06  3.43190819e-06 -5.76831548e-05]]


---------------------------------
9 Calculating energy for ['data/Al.scf.in.super.333.vac.out']

Energy 0.0607897410281	0.0607923059259301	-2.564897786425102e-06	 	data/Al.scf.in.super.333.vac.out 0
F abs 2.9330618278470775e-06 0.0018835624755555557	 	data/Al.scf.in.super.333.vac.out 0
F max abs 2.48407076403976e-05 0.0054570092	 	data/Al.scf.in.super.333.vac.out 0
S abs 5.219871047527724e-05 0.0001334763	 	data/Al.scf.in.super.333.vac.out 0

Forces
-3.23732355174e-07   -0.00545576147035   -0.00545756603302
-2.95042529794e-06   0.00545563001548   0.0054571572692
-0.00545485587232   7.1545842422e-08   -0.0054556238929
-0.000607080630425   -0.000609419460065   0.000615096923239
-0.00545836900108   0.00545723831035   -1.42379641424e-06
0.00545451724444   -1.1495218115e-06   0.0054551997599
0.00545806767943   -0.00545731708981   -2.82942170309e-06
0.000613937644066   0.000611598814426   -0.000605921340772
-0.00545776856952   -0.00545673202744   -7.33846550839e-07
-0.000610824057745   0.000615458883293   -0.00060978142012
-0.00545722488825   -6.18404021155e-07   0.00545762145125
0.000615208529575   -0.000610573704027   -0.000607192236761
0.000608923339641   0.000606584510001   0.000609965977267
-0.00113582858738   3.84638384927e-07   1.5176156239e-06
-2.4193075076e-06   -0.00545652147839   0.00545795458347
1.16827475931e-06   -0.00113269491242   1.5176156239e-06
1.16827161563e-06   3.84635241248e-07   0.00112508799236
0.00545745216231   0.00545660742406   -3.51935703933e-06
0.00545694578728   -4.59586475352e-07   -0.00545799976033
0.000610194216745   -0.000605559380718   0.000611236854371
-8.54864672948e-07   0.00545644955043   -0.00545834826173
1.16827475931e-06   3.8463838493e-07   -0.00113722556275
1.16827161564e-06   0.00112961864269   1.51761248031e-06
-0.000605809734436   0.000610444570464   0.00061382603773
0.00112648496773   3.84635241262e-07   1.51761248031e-06
-0.000612094927589   -0.00061443375723   -0.000611052289964
-1.37408073014e-10   -4.52379163306e-11   -1.78497037807e-10

Stress
[[-6.18797777e-05  2.92599727e-09  1.15446247e-08]
 [ 2.92599727e-09 -6.18759968e-05  3.80093448e-09]
 [ 1.15446247e-08  3.80093448e-09 -6.18826929e-05]]


---------------------------------
10 Calculating energy for ['data/Al.scf.in.super.333.vac.relaxed_scf.out']

Energy 0.057897473171	0.057901305925924795	-3.8327549325700705e-06	 	data/Al.scf.in.super.333.vac.relaxed_scf.out 0
F abs 4.342889972441145e-06 4.763428266666667e-05	 	data/Al.scf.in.super.333.vac.relaxed_scf.out 0
F max abs 2.7194309474521175e-05 0.00025483476	 	data/Al.scf.in.super.333.vac.relaxed_scf.out 0
S abs 5.439004214162923e-05 0.0001586328	 	data/Al.scf.in.super.333.vac.relaxed_scf.out 0

Forces
9.68897067146e-07   -1.82389202837e-05   -2.00238652143e-05
-2.19692690369e-06   1.48109731709e-05   1.67585530028e-05
-1.87671992586e-05   1.15444332591e-06   -2.11902822042e-05
8.47356663355e-05   8.60088576717e-05   -7.63170560958e-05
-2.10006856394e-05   2.19125843347e-05   -1.98786411735e-06
1.57322866189e-05   -3.01739494267e-06   1.84113053825e-05
2.16674807928e-05   -2.21251590441e-05   -9.81849819604e-07
-8.0079831971e-05   -7.88066406348e-05   8.8496447583e-05
-2.10307223044e-05   -2.16688603193e-05   9.63646673298e-07
8.22787762238e-05   -7.60794940964e-05   8.57712956724e-05
-1.87194972904e-05   -1.79706746473e-06   2.15789758176e-05
-7.59432087596e-05   8.2142490887e-05   8.43618189993e-05
-8.66716056845e-05   -8.53984143482e-05   -8.31790862359e-05
0.00023231989384   1.25134970597e-06   1.99494650573e-06
-9.76599425751e-07   -1.93427947416e-05   2.15641352538e-05
8.24760686621e-07   0.000230614011661   1.99494650573e-06
8.25407777743e-07   1.25199679709e-06   -0.000243598205622
1.88435516903e-05   1.9574990622e-05   -3.93334455501e-06
2.02340344695e-05   -6.59002072948e-08   -2.24766576514e-05
-8.25367220826e-05   8.87340095825e-05   -7.90442026341e-05
-2.51446466056e-07   2.04642974476e-05   -2.19754816979e-05
8.2476068664e-07   1.25134970599e-06   0.000227640450525
8.25407777729e-07   -0.000240624644486   1.99559359678e-06
8.88702949193e-05   -8.26730074194e-05   -8.04536793072e-05
-0.000238918762307   1.25199679707e-06   1.99559359678e-06
7.81424423145e-05   7.94156336508e-05   8.16349617631e-05
-1.08334910812e-10   -1.64344031439e-10   -2.6197458005e-10

Stress
[[-7.09808080e-05  6.72457460e-09  1.07194941e-08]
 [ 6.72457460e-09 -7.09835606e-05  1.62616988e-08]
 [ 1.07194941e-08  1.62616988e-08 -7.09910620e-05]]


---------------------------------
11 Calculating energy for ['data/Al.scf.in.super.333.vac.relax.out']
number of seperate calcs in this file 7 and we use 2

Energy 0.0594614530201	0.05946413592593647	-2.682905884961173e-06	 	data/Al.scf.in.super.333.vac.relax.out 0
F abs 2.86026358790995e-06 0.0013568925622222223	 	data/Al.scf.in.super.333.vac.relax.out 0
F max abs 1.0792098545312997e-05 0.0039997268	 	data/Al.scf.in.super.333.vac.relax.out 0
S abs 5.3519493499901324e-05 0.00014204879999999998	 	data/Al.scf.in.super.333.vac.relax.out 0

Forces
1.2016081614e-06   -0.00399939944734   -0.0039996535912
-4.67411585238e-06   0.00399808553589   0.0039983284179
-0.00399986017387   1.15275211794e-06   -0.00400086119349
-0.000404191080957   -0.000403291693016   0.000413796719171
-0.00400297444981   0.00400351002101   -2.54040552063e-06
0.00399867782105   -5.36599145378e-06   0.00399963042926
0.00400289470387   -0.00400381573466   -1.89738596269e-06
0.000408257873656   0.000409157261598   -0.000398654321224
-0.00400023575272   -0.00400098262849   1.11674131645e-06
-0.000404492914564   0.000413825904113   -0.000403320877958
-0.00400274485141   -2.50439471914e-06   0.00400352330461
0.000413922176673   -0.000404589187123   -0.000404316538459
0.000402293511524   0.000403192899466   0.00040346554813
-0.00069564894411   1.71371009744e-06   1.80506237349e-06
-1.81251911774e-06   -0.00400302018418   0.0040030517616
1.412365744e-06   -0.000696853986759   1.80506237349e-06
1.41300452918e-06   1.71434888262e-06   0.000682780251455
0.00399908201993   0.00399979174614   -5.55453279978e-06
0.0040026937255   -1.7088446167e-06   -0.00400386890014
0.00040795604005   -0.000398625136282   0.000409128076656
-1.65998857323e-06   0.00400283749963   -0.00400330294806
1.412365744e-06   1.71371009744e-06   -0.00069721929438
1.41300452918e-06   0.000683145559075   1.80570115867e-06
-0.000398528863723   0.00040785976749   0.000408132416155
0.000684350601725   1.71434888262e-06   1.80570115867e-06
-0.000410156906289   -0.000409257518347   -0.000408984869683
-1.71222098999e-10   -2.07746024647e-10   -2.18818222222e-10

Stress
[[-6.51521316e-05  1.57664673e-08  1.66067690e-08]
 [ 1.57664673e-08 -6.51550590e-05  2.01492097e-08]
 [ 1.66067690e-08  2.01492097e-08 -6.51560579e-05]]


Energy 0.0578974731862	0.057901305925924795	-3.832739711225053e-06	 	data/Al.scf.in.super.333.vac.relax.out 1
F abs 4.702381774940889e-06 4.766185155555555e-05	 	data/Al.scf.in.super.333.vac.relax.out 1
F max abs 2.6633514708395345e-05 0.00025456206	 	data/Al.scf.in.super.333.vac.relax.out 1
S abs 5.443709106988392e-05 0.00015863489999999998	 	data/Al.scf.in.super.333.vac.relax.out 1

Forces
2.12501955248e-06   -1.87994938925e-05   -1.90169339054e-05
-4.25786739527e-06   1.4906399516e-05   1.51408007284e-05
-1.9373849635e-05   2.28694256021e-06   -2.05919972357e-05
8.44454352802e-05   8.56770857104e-05   -7.44274496012e-05
-2.11538023567e-05   2.25581858697e-05   -1.9002641735e-06
1.58609660441e-05   -5.03399634421e-06   1.71863315962e-05
2.19376890675e-05   -2.2624977482e-05   -9.62212216823e-07
-8.03700781851e-05   -7.91384277549e-05   9.03860675231e-05
-1.96799005934e-05   -2.06806081813e-05   2.29490499299e-06
8.41892061251e-05   -7.4402674252e-05   8.56523103613e-05
-2.09096927413e-05   -1.90822660628e-06   2.25484774668e-05
-7.42708355496e-05   8.40573674226e-05   8.42888212286e-05
-8.67238260287e-05   -8.54921755985e-05   -8.52607217926e-05
0.000229888881787   1.84535704221e-06   1.92290677829e-06
-1.13209765734e-06   -2.14091174856e-05   2.20471946231e-05
1.43268650775e-06   0.000228238658086   1.92290677829e-06
1.43333415465e-06   1.84600468911e-06   -0.000243310117065
1.6255428048e-05   1.73463923877e-05   -5.15738138331e-06
2.17819904975e-05   -8.38827177719e-07   -2.26867189249e-05
-8.06263073402e-05   9.04108428723e-05   -7.91632031041e-05
-1.00075018545e-06   2.19012044561e-05   -2.17149685438e-05
1.43268650775e-06   1.84535704221e-06   0.000227928545292
1.43333415465e-06   -0.000243000004271   1.92355442519e-06
9.05426815747e-05   -8.07581460427e-05   -8.05266922367e-05
-0.000241349780569   1.84600468911e-06   1.92355442519e-06
7.80902358834e-05   7.93218863136e-05   7.95533401196e-05
-1.88147114425e-10   -2.42328691185e-10   -2.52510582756e-10

Stress
[[-7.09820383e-05  1.72217494e-08  1.79453520e-08]
 [ 1.72217494e-08 -7.09862421e-05  2.31131474e-08]
 [ 1.79453520e-08  2.31131474e-08 -7.09871502e-05]]


N 13
Energy average Deviation 3.760086899383451e-05	0.038875365954421155
Forces average Deviation 1.8435275834870534e-05	0.0021944737256850903

OUT OF SAMPLE TESTING


---------------------------------
STARTING ENERGY CALCULATIONS FROM: files_test

---------------------------------
0 Calculating energy for ['data/Al.scf.in.super.333.05.out']

Energy 0.00308810817868	0.0030749700000001212	1.3138178684795904e-05	 	data/Al.scf.in.super.333.05.out 0
F abs 1.2883663075906872e-05 0.0026061623076790125	 	data/Al.scf.in.super.333.05.out 0
F max abs 4.259628243878194e-05 0.0072553501	 	data/Al.scf.in.super.333.05.out 0
S abs 2.0527593412836432e-06 1.5607300000000002e-05	 	data/Al.scf.in.super.333.05.out 0

Forces
0.000715173910247   0.000122941977524   0.00389194889179
0.00343114855928   -0.00447729916135   0.000373310436108
-0.00171303935478   -0.00379802886379   0.000748208010424
-0.00471845093123   0.00323487950172   0.00182518427391
-0.00634774682734   0.000702449578959   -0.00189760301435
0.00193198662008   0.00272336473286   -0.0047990777608
0.00373721635137   0.00137193328245   0.000119585051466
0.00311006644688   -0.00148741702994   0.00380255335705
0.00340221200055   0.00219044532997   -0.000748866574535
-0.000617757779347   -0.00198560102214   -0.0013544579651
-0.0030226292383   -0.00258598288837   -0.0033605631401
0.00399496511897   0.00567452366244   0.00485245943929
0.00394719050555   -0.002085506769   -0.000131762626385
0.000917343449144   -0.000298630167561   0.00632773838984
-0.00102575904516   -0.0036410039536   -0.00463611615344
-0.00266814209084   -0.00152937259852   0.00276289633157
0.0011147995787   0.00391981916794   -0.00481443500681
-0.00057851143674   0.00295031001684   -0.000146306977741
0.00462721493522   -0.00161532951392   0.000191069850882
-0.00180693916847   0.00635182957723   -0.00451255006368
-0.00372873056601   -0.00438324607736   0.000469142917068
0.000565412116251   0.00258645038457   -0.00114272499942
0.00231749850243   -0.00103591552928   -0.00195304341408
-0.000748441160323   0.00361945570376   0.000599419381903
-0.00603578219314   -0.00103928023818   0.00446084019052
-0.00322320340899   0.00176450297961   0.00173257169402
0.00242290483224   -0.00725029202809   -0.00265942071854

Stress
[[ 4.22691545e-06 -1.52409634e-07 -5.11062222e-07]
 [-1.52409634e-07  4.07770023e-06 -1.74516695e-07]
 [-5.11062222e-07 -1.74516695e-07  3.83059676e-06]]


---------------------------------
1 Calculating energy for ['data/Al.scf.in.super.333.06.out']

Energy 0.00272586250849	0.002711540000007062	1.432250847838764e-05	 	data/Al.scf.in.super.333.06.out 0
F abs 1.532871920724071e-05 0.002367790917283951	 	data/Al.scf.in.super.333.06.out 0
F max abs 6.574673141283155e-05 0.0080284122	 	data/Al.scf.in.super.333.06.out 0
S abs 3.034776716663627e-06 1.4884099999999999e-05	 	data/Al.scf.in.super.333.06.out 0

Forces
0.00101963651899   -0.000539052477863   -0.00469325273425
0.00154562030245   -0.00172196315676   0.00358708917579
0.000337938943122   0.00359261844819   -0.000653902283989
0.00358409415838   -0.00299968728678   0.00261930892033
-0.00141445316753   0.00181208123728   -0.000800788369394
-0.000174205871299   0.00415763053752   -0.00117077279622
0.00124395073966   -0.00195054775835   0.00130042808164
-0.00289245107798   -0.00136339522302   0.00271809076556
-0.00544867498764   -0.000798340043597   0.00175787923086
-0.000132588917493   -0.00087668668348   0.00260021060295
-9.95178420843e-05   -0.00165980528381   -0.000876685736145
-0.00616974867753   -0.00244006837349   0.00280668534417
-0.00285188775917   0.00214867535772   -0.00323790233921
-0.00176332675635   -0.0025543053918   0.00425678615629
-0.00194768628773   -0.000412066480489   -0.00296138291332
-0.0017227490058   -0.00462704571442   -0.0003740341478
-0.00033480756214   -0.00394770660956   0.000317001464425
0.00368848731074   0.00296469850653   0.00805707298481
0.00114169607566   0.000435620320444   0.00257442660595
0.00336003060523   0.00420743617311   -0.00559848835476
0.000431580131488   -0.0020729958616   -0.00233508039316
-0.00239304487784   -0.00114681818069   0.000743413273643
-0.00259219885898   0.005229515678   -0.00139515221996
0.00106423296897   0.00379403000385   -0.00249907105851
0.0037505353564   0.00445422836336   -0.00395970522297
0.00406457083141   -0.00123116049179   -0.00246652428785
0.00470496828812   -0.00245488921411   -0.000315649902743

Stress
[[ 3.46714064e-06  5.45112306e-08 -4.13239910e-07]
 [ 5.45112306e-08  3.64886435e-06 -1.02376595e-06]
 [-4.13239910e-07 -1.02376595e-06  3.69955247e-06]]


---------------------------------
2 Calculating energy for ['data/Al.scf.in.super.333.vac.05.out']

Energy 0.0659355736941	0.06593409592594046	1.4777681525968145e-06	 	data/Al.scf.in.super.333.vac.05.out 0
F abs 4.5005233572860984e-05 0.004201778249135803	 	data/Al.scf.in.super.333.vac.05.out 0
F max abs 0.0001976511292959126 0.011664626	 	data/Al.scf.in.super.333.vac.05.out 0
S abs 4.9909818598479034e-05 0.0001171689	 	data/Al.scf.in.super.333.vac.05.out 0

Forces
-0.00151667985454   -0.00434207841261   -0.0101648213753
-0.00182804071478   0.00587528518196   0.00488918935639
-0.00458877362492   0.00221565055458   -0.0092853406293
0.00216724481754   -0.00540461586076   0.00350420288846
-0.00665005975077   0.0117232766169   -0.00182916534807
0.00901858706171   0.00641035788596   0.00683965945785
0.00733828372892   -0.00894518893795   0.00204131695245
0.0068259313477   0.00122302679847   -0.0055461225675
-0.00983733299406   -0.00473215994076   0.000983871007821
-0.0044175047977   0.00315242556905   -0.00496310534212
-0.00660825719586   0.000696113531703   0.00946506245607
0.00533020291811   -0.00434594095665   0.00565805042903
0.000136986939924   0.0039769413204   -0.000725163103005
-0.00829099027476   -0.00411987073853   0.000442178012356
-0.00111932936062   -0.0109396970258   0.00112043813163
0.00382293731752   -0.00548922000802   0.00650179315276
-0.000316500083184   0.00147351156152   0.00387220854825
0.00355745495053   0.0103204578735   0.00252115822088
0.00886900920445   -0.000880917550912   -0.00765789415432
0.00348005465366   -0.0034311072795   0.0037037677628
-0.00183627020096   0.00363946953363   -0.00677313923579
0.00110847834587   0.00131598500513   -0.00204858711078
0.00423692361883   0.00216970654213   -0.00251191023552
-0.00442791380378   0.00165179450506   0.00208276421081
0.00179525314137   0.00147029974727   -0.0031895789313
-0.0062435351228   -0.00467644164471   0.00107261163006
-6.16075240818e-06   -7.06404338387e-06   -3.44439719712e-06

Stress
[[-5.15053979e-05 -1.59969351e-06 -2.99446896e-07]
 [-1.59969351e-06 -5.45207423e-05 -1.26558907e-06]
 [-2.99446896e-07 -1.26558907e-06 -5.47231194e-05]]


---------------------------------
3 Calculating energy for ['data/Al.scf.in.super.333.vac.06.out']

Energy 0.0632463595665	0.0632400359259302	6.323640572569733e-06	 	data/Al.scf.in.super.333.vac.06.out 0
F abs 4.270877571759116e-05 0.003343431337160494	 	data/Al.scf.in.super.333.vac.06.out 0
F max abs 0.0001871405434612089 0.011484796	 	data/Al.scf.in.super.333.vac.06.out 0
S abs 5.453718001445026e-05 0.0001402852	 	data/Al.scf.in.super.333.vac.06.out 0

Forces
-0.000992753416494   -0.00217508197634   -0.00498361923133
-0.00248487018389   0.00364334852367   0.00326173653728
-0.00771044938502   0.000615598671612   -0.00644435703802
0.00216497538607   -0.00332531037763   -0.00090081537847
-0.00198873831775   0.00392168672696   0.0033867801868
0.0114985266634   0.00804728925654   0.00221370268931
0.00388976686844   -0.00455599694786   -0.00288776379718
0.00201992101065   -0.00203660992326   -0.00360800893815
-0.00405500412103   -0.00469384922519   -0.00602545558547
-0.00101646569003   -0.00112494402148   0.00386796673287
-0.00180340190937   0.00647516659718   0.00278532020289
0.00511402507736   -0.00339799568018   0.00373985036554
0.00110052411761   0.00460158316835   0.00211073702317
-0.00151861616644   -0.00271750845692   -0.00584880171596
-0.00138785658242   -0.00920193410125   0.00682801805233
-0.00267296479277   -0.00146875464529   -0.00375110190026
0.00314953325972   0.00581923189337   0.00491749836864
0.00878710698807   0.00319386354218   0.00261762225402
0.00268786814809   0.000311520812667   -0.00448197021796
-0.00333875820755   -0.0017590078258   0.00536047782127
0.00218007393734   0.00644774728049   -0.00714834604388
-0.000656463614165   -0.000529309764166   0.00210771091257
-0.00312484203885   0.00310455519123   0.00276117642817
-0.00562827868606   -0.00500786305913   0.000151588694356
-0.00128109585669   -0.000346787379335   -0.000336846321549
-0.00294635835218   -0.00385829985564   0.000312042052796
1.4596213658e-05   1.76620238281e-05   -5.14225842081e-06

Stress
[[-6.03883533e-05  1.99300191e-06  2.85099010e-06]
 [ 1.99300191e-06 -5.94949063e-05 -3.68086269e-06]
 [ 2.85099010e-06 -3.68086269e-06 -5.78894110e-05]]


N 4
Energy average Deviation 8.815523972087523e-06	0.03374016046296946
Forces average Deviation 2.898159789339993e-05	0.0031297907028148154

done

